mode: set
webapp/cmd/web/handlers.go:13.70,16.2 1 1
webapp/cmd/web/handlers.go:24.108,29.16 2 1
webapp/cmd/web/handlers.go:35.2,39.16 3 1
webapp/cmd/web/handlers.go:43.2,43.12 1 1
webapp/cmd/web/handlers.go:29.16,32.3 2 0
webapp/cmd/web/handlers.go:39.16,41.3 1 0
webapp/cmd/web/main.go:10.13,23.16 5 0
webapp/cmd/web/main.go:23.16,25.3 1 0
webapp/cmd/web/middleware.go:14.67,16.2 1 1
webapp/cmd/web/middleware.go:19.72,20.71 1 1
webapp/cmd/web/middleware.go:20.71,24.17 3 1
webapp/cmd/web/middleware.go:33.3,33.40 1 1
webapp/cmd/web/middleware.go:24.17,26.20 2 1
webapp/cmd/web/middleware.go:29.4,29.60 1 1
webapp/cmd/web/middleware.go:26.20,28.5 1 1
webapp/cmd/web/middleware.go:30.9,32.4 1 1
webapp/cmd/web/middleware.go:37.45,39.16 2 1
webapp/cmd/web/middleware.go:44.2,45.19 2 1
webapp/cmd/web/middleware.go:50.2,51.22 2 1
webapp/cmd/web/middleware.go:54.2,54.18 1 1
webapp/cmd/web/middleware.go:58.2,58.16 1 1
webapp/cmd/web/middleware.go:39.16,41.3 1 1
webapp/cmd/web/middleware.go:45.19,47.3 1 1
webapp/cmd/web/middleware.go:51.22,53.3 1 1
webapp/cmd/web/middleware.go:54.18,56.3 1 0
webapp/cmd/web/routes.go:10.47,26.2 7 1
